<?xml version="1.0" encoding="UTF-8"?>
<testsuite name="com.tutorial.backend.serviceTests.PlaceServiceTest" tests="1" skipped="0" failures="0" errors="0" timestamp="2024-04-11T04:29:25" hostname="rickyui-MacBookAir.local" time="0.252">
  <properties/>
  <testcase name="placeTest()" classname="com.tutorial.backend.serviceTests.PlaceServiceTest" time="0.252"/>
  <system-out><![CDATA[?[2m2024-04-11 13:29:25.684?[0;39m ?[32m INFO?[0;39m ?[35m50451?[0;39m ?[2m---?[0;39m ?[2m[    Test worker]?[0;39m ?[36m.b.t.c.SpringBootTestContextBootstrapper?[0;39m ?[2m:?[0;39m Neither @ContextConfiguration nor @ContextHierarchy found for test class [com.tutorial.backend.serviceTests.PlaceServiceTest], using SpringBootContextLoader
?[2m2024-04-11 13:29:25.688?[0;39m ?[32m INFO?[0;39m ?[35m50451?[0;39m ?[2m---?[0;39m ?[2m[    Test worker]?[0;39m ?[36mo.s.t.c.support.AbstractContextLoader   ?[0;39m ?[2m:?[0;39m Could not detect default resource locations for test class [com.tutorial.backend.serviceTests.PlaceServiceTest]: no resource found for suffixes {-context.xml, Context.groovy}.
?[2m2024-04-11 13:29:25.689?[0;39m ?[32m INFO?[0;39m ?[35m50451?[0;39m ?[2m---?[0;39m ?[2m[    Test worker]?[0;39m ?[36mt.c.s.AnnotationConfigContextLoaderUtils?[0;39m ?[2m:?[0;39m Could not detect default configuration classes for test class [com.tutorial.backend.serviceTests.PlaceServiceTest]: PlaceServiceTest does not declare any static, non-private, non-final, nested classes annotated with @Configuration.
?[2m2024-04-11 13:29:25.720?[0;39m ?[32m INFO?[0;39m ?[35m50451?[0;39m ?[2m---?[0;39m ?[2m[    Test worker]?[0;39m ?[36m.b.t.c.SpringBootTestContextBootstrapper?[0;39m ?[2m:?[0;39m Found @SpringBootConfiguration com.tutorial.backend.BackendApplication for test class com.tutorial.backend.serviceTests.PlaceServiceTest
?[2m2024-04-11 13:29:25.728?[0;39m ?[32m INFO?[0;39m ?[35m50451?[0;39m ?[2m---?[0;39m ?[2m[    Test worker]?[0;39m ?[36m.b.t.c.SpringBootTestContextBootstrapper?[0;39m ?[2m:?[0;39m Loaded default TestExecutionListener class names from location [META-INF/spring.factories]: [org.springframework.security.test.context.support.WithSecurityContextTestExecutionListener, org.springframework.security.test.context.support.ReactorContextTestExecutionListener, org.springframework.boot.test.autoconfigure.restdocs.RestDocsTestExecutionListener, org.springframework.boot.test.autoconfigure.web.client.MockRestServiceServerResetTestExecutionListener, org.springframework.boot.test.autoconfigure.web.servlet.MockMvcPrintOnlyOnFailureTestExecutionListener, org.springframework.boot.test.autoconfigure.web.servlet.WebDriverTestExecutionListener, org.springframework.boot.test.autoconfigure.webservices.client.MockWebServiceServerTestExecutionListener, org.springframework.boot.test.mock.mockito.MockitoTestExecutionListener, org.springframework.boot.test.mock.mockito.ResetMocksTestExecutionListener, org.springframework.test.context.web.ServletTestExecutionListener, org.springframework.test.context.support.DirtiesContextBeforeModesTestExecutionListener, org.springframework.test.context.event.ApplicationEventsTestExecutionListener, org.springframework.test.context.support.DependencyInjectionTestExecutionListener, org.springframework.test.context.support.DirtiesContextTestExecutionListener, org.springframework.test.context.transaction.TransactionalTestExecutionListener, org.springframework.test.context.jdbc.SqlScriptsTestExecutionListener, org.springframework.test.context.event.EventPublishingTestExecutionListener]
?[2m2024-04-11 13:29:25.729?[0;39m ?[32m INFO?[0;39m ?[35m50451?[0;39m ?[2m---?[0;39m ?[2m[    Test worker]?[0;39m ?[36m.b.t.c.SpringBootTestContextBootstrapper?[0;39m ?[2m:?[0;39m Using TestExecutionListeners: [org.springframework.test.context.web.ServletTestExecutionListener@6f400be1, org.springframework.test.context.support.DirtiesContextBeforeModesTestExecutionListener@1385b04a, org.springframework.test.context.event.ApplicationEventsTestExecutionListener@6b5d890, org.springframework.boot.test.mock.mockito.MockitoTestExecutionListener@1a6e127e, org.springframework.boot.test.autoconfigure.SpringBootDependencyInjectionTestExecutionListener@751e1dd1, org.springframework.test.context.support.DirtiesContextTestExecutionListener@4ba7e4d8, org.springframework.test.context.transaction.TransactionalTestExecutionListener@637ec464, org.springframework.test.context.jdbc.SqlScriptsTestExecutionListener@969c797, org.springframework.security.test.context.support.WithSecurityContextTestExecutionListener@c9ca3fe, org.springframework.test.context.event.EventPublishingTestExecutionListener@78690791, org.springframework.security.test.context.support.ReactorContextTestExecutionListener@6d21b11c, org.springframework.boot.test.autoconfigure.restdocs.RestDocsTestExecutionListener@2a339650, org.springframework.boot.test.autoconfigure.web.client.MockRestServiceServerResetTestExecutionListener@435943bb, org.springframework.boot.test.autoconfigure.web.servlet.MockMvcPrintOnlyOnFailureTestExecutionListener@733c81ce, org.springframework.boot.test.autoconfigure.web.servlet.WebDriverTestExecutionListener@13f567e4, org.springframework.boot.test.autoconfigure.webservices.client.MockWebServiceServerTestExecutionListener@25c2e2dc, org.springframework.boot.test.mock.mockito.ResetMocksTestExecutionListener@2c8f3944]
Hibernate: 
    select
        place0_.id as id1_2_,
        place0_.place_header_id as place_he7_2_,
        place0_.place_latitude as place_la2_2_,
        place0_.place_local_name_address as place_lo3_2_,
        place0_.place_longtitude as place_lo4_2_,
        place0_.place_name as place_na5_2_,
        place0_.place_street_name_address as place_st6_2_ 
    from
        tbl_place place0_
?[2m2024-04-11 13:29:25.982?[0;39m ?[32m INFO?[0;39m ?[35m50451?[0;39m ?[2m---?[0;39m ?[2m[    Test worker]?[0;39m ?[36mc.t.b.serviceTests.PlaceServiceTest     ?[0;39m ?[2m:?[0;39m [Place{id=1, placeName='몰?루', placeLatitude='12.123', placeLongitude='1.1', placeStreetNameAddress='몰?루', placeLocalNameAddress='몰?루'}, Place{id=2, placeName='몰?루', placeLatitude='123.0', placeLongitude='1.2', placeStreetNameAddress='몰?루', placeLocalNameAddress='몰?루'}, Place{id=3, placeName='볼?루', placeLatitude='12.23', placeLongitude='1.1', placeStreetNameAddress='볼?루', placeLocalNameAddress='몰?루'}, Place{id=4, placeName='볼?루', placeLatitude='12.123', placeLongitude='1.1', placeStreetNameAddress='볼?루', placeLocalNameAddress='볼?루'}, Place{id=5, placeName='볼?루', placeLatitude='23.123', placeLongitude='1.1', placeStreetNameAddress='볼?루', placeLocalNameAddress='볼?루'}, Place{id=6, placeName='스타벅스 제주애월DT점', placeLatitude='33.4727524725769', placeLongitude='126.34876370442912', placeStreetNameAddress='제주특별자치도 제주시 애월읍 애월해안로 376', placeLocalNameAddress='제주특별자치도 제주시 애월읍 고내리 340'}, Place{id=7, placeName='스타벅스 본사', placeLatitude='37.5602061788106', placeLongitude='126.98292784491589', placeStreetNameAddress='서울 중구 퇴계로 100', placeLocalNameAddress='서울 중구 회현동2가 88'}, Place{id=8, placeName='스타벅스 본사', placeLatitude='37.5602061788106', placeLongitude='126.98292784491589', placeStreetNameAddress='서울 중구 퇴계로 100', placeLocalNameAddress='서울 중구 회현동2가 88'}, Place{id=9, placeName='스타벅스 제주애월DT점', placeLatitude='33.4727524725769', placeLongitude='126.34876370442912', placeStreetNameAddress='제주특별자치도 제주시 애월읍 애월해안로 376', placeLocalNameAddress='제주특별자치도 제주시 애월읍 고내리 340'}]
]]></system-out>
  <system-err><![CDATA[]]></system-err>
</testsuite>
