<?xml version="1.0" encoding="UTF-8"?>
<testsuite name="com.tutorial.backend.queryDSLTest.FriendQueryDSLTest" tests="1" skipped="0" failures="1" errors="0" timestamp="2024-06-03T18:34:34" hostname="rickyui-MacBookAir.local" time="0.132">
  <properties/>
  <testcase name="testFindAllFriendsByMemberId()" classname="com.tutorial.backend.queryDSLTest.FriendQueryDSLTest" time="0.132">
    <failure message="java.lang.NullPointerException" type="java.lang.NullPointerException">java.lang.NullPointerException
	at com.tutorial.backend.repository.FriendQueryDSLImpl.findAllFriendsByMemberId(FriendQueryDSLImpl.java:34)
	at com.tutorial.backend.queryDSLTest.FriendQueryDSLTest.testFindAllFriendsByMemberId(FriendQueryDSLTest.java:51)
	at java.base/jdk.internal.reflect.NativeMethodAccessorImpl.invoke0(Native Method)
	at java.base/jdk.internal.reflect.NativeMethodAccessorImpl.invoke(NativeMethodAccessorImpl.java:62)
	at java.base/jdk.internal.reflect.DelegatingMethodAccessorImpl.invoke(DelegatingMethodAccessorImpl.java:43)
	at java.base/java.lang.reflect.Method.invoke(Method.java:566)
	at org.junit.platform.commons.util.ReflectionUtils.invokeMethod(ReflectionUtils.java:725)
	at org.junit.jupiter.engine.execution.MethodInvocation.proceed(MethodInvocation.java:60)
	at org.junit.jupiter.engine.execution.InvocationInterceptorChain$ValidatingInvocation.proceed(InvocationInterceptorChain.java:131)
	at org.junit.jupiter.engine.extension.TimeoutExtension.intercept(TimeoutExtension.java:149)
	at org.junit.jupiter.engine.extension.TimeoutExtension.interceptTestableMethod(TimeoutExtension.java:140)
	at org.junit.jupiter.engine.extension.TimeoutExtension.interceptTestMethod(TimeoutExtension.java:84)
	at org.junit.jupiter.engine.execution.ExecutableInvoker$ReflectiveInterceptorCall.lambda$ofVoidMethod$0(ExecutableInvoker.java:115)
	at org.junit.jupiter.engine.execution.ExecutableInvoker.lambda$invoke$0(ExecutableInvoker.java:105)
	at org.junit.jupiter.engine.execution.InvocationInterceptorChain$InterceptedInvocation.proceed(InvocationInterceptorChain.java:106)
	at org.junit.jupiter.engine.execution.InvocationInterceptorChain.proceed(InvocationInterceptorChain.java:64)
	at org.junit.jupiter.engine.execution.InvocationInterceptorChain.chainAndInvoke(InvocationInterceptorChain.java:45)
	at org.junit.jupiter.engine.execution.InvocationInterceptorChain.invoke(InvocationInterceptorChain.java:37)
	at org.junit.jupiter.engine.execution.ExecutableInvoker.invoke(ExecutableInvoker.java:104)
	at org.junit.jupiter.engine.execution.ExecutableInvoker.invoke(ExecutableInvoker.java:98)
	at org.junit.jupiter.engine.descriptor.TestMethodTestDescriptor.lambda$invokeTestMethod$7(TestMethodTestDescriptor.java:214)
	at org.junit.platform.engine.support.hierarchical.ThrowableCollector.execute(ThrowableCollector.java:73)
	at org.junit.jupiter.engine.descriptor.TestMethodTestDescriptor.invokeTestMethod(TestMethodTestDescriptor.java:210)
	at org.junit.jupiter.engine.descriptor.TestMethodTestDescriptor.execute(TestMethodTestDescriptor.java:135)
	at org.junit.jupiter.engine.descriptor.TestMethodTestDescriptor.execute(TestMethodTestDescriptor.java:66)
	at org.junit.platform.engine.support.hierarchical.NodeTestTask.lambda$executeRecursively$6(NodeTestTask.java:151)
	at org.junit.platform.engine.support.hierarchical.ThrowableCollector.execute(ThrowableCollector.java:73)
	at org.junit.platform.engine.support.hierarchical.NodeTestTask.lambda$executeRecursively$8(NodeTestTask.java:141)
	at org.junit.platform.engine.support.hierarchical.Node.around(Node.java:137)
	at org.junit.platform.engine.support.hierarchical.NodeTestTask.lambda$executeRecursively$9(NodeTestTask.java:139)
	at org.junit.platform.engine.support.hierarchical.ThrowableCollector.execute(ThrowableCollector.java:73)
	at org.junit.platform.engine.support.hierarchical.NodeTestTask.executeRecursively(NodeTestTask.java:138)
	at org.junit.platform.engine.support.hierarchical.NodeTestTask.execute(NodeTestTask.java:95)
	at java.base/java.util.ArrayList.forEach(ArrayList.java:1541)
	at org.junit.platform.engine.support.hierarchical.SameThreadHierarchicalTestExecutorService.invokeAll(SameThreadHierarchicalTestExecutorService.java:41)
	at org.junit.platform.engine.support.hierarchical.NodeTestTask.lambda$executeRecursively$6(NodeTestTask.java:155)
	at org.junit.platform.engine.support.hierarchical.ThrowableCollector.execute(ThrowableCollector.java:73)
	at org.junit.platform.engine.support.hierarchical.NodeTestTask.lambda$executeRecursively$8(NodeTestTask.java:141)
	at org.junit.platform.engine.support.hierarchical.Node.around(Node.java:137)
	at org.junit.platform.engine.support.hierarchical.NodeTestTask.lambda$executeRecursively$9(NodeTestTask.java:139)
	at org.junit.platform.engine.support.hierarchical.ThrowableCollector.execute(ThrowableCollector.java:73)
	at org.junit.platform.engine.support.hierarchical.NodeTestTask.executeRecursively(NodeTestTask.java:138)
	at org.junit.platform.engine.support.hierarchical.NodeTestTask.execute(NodeTestTask.java:95)
	at java.base/java.util.ArrayList.forEach(ArrayList.java:1541)
	at org.junit.platform.engine.support.hierarchical.SameThreadHierarchicalTestExecutorService.invokeAll(SameThreadHierarchicalTestExecutorService.java:41)
	at org.junit.platform.engine.support.hierarchical.NodeTestTask.lambda$executeRecursively$6(NodeTestTask.java:155)
	at org.junit.platform.engine.support.hierarchical.ThrowableCollector.execute(ThrowableCollector.java:73)
	at org.junit.platform.engine.support.hierarchical.NodeTestTask.lambda$executeRecursively$8(NodeTestTask.java:141)
	at org.junit.platform.engine.support.hierarchical.Node.around(Node.java:137)
	at org.junit.platform.engine.support.hierarchical.NodeTestTask.lambda$executeRecursively$9(NodeTestTask.java:139)
	at org.junit.platform.engine.support.hierarchical.ThrowableCollector.execute(ThrowableCollector.java:73)
	at org.junit.platform.engine.support.hierarchical.NodeTestTask.executeRecursively(NodeTestTask.java:138)
	at org.junit.platform.engine.support.hierarchical.NodeTestTask.execute(NodeTestTask.java:95)
	at org.junit.platform.engine.support.hierarchical.SameThreadHierarchicalTestExecutorService.submit(SameThreadHierarchicalTestExecutorService.java:35)
	at org.junit.platform.engine.support.hierarchical.HierarchicalTestExecutor.execute(HierarchicalTestExecutor.java:57)
	at org.junit.platform.engine.support.hierarchical.HierarchicalTestEngine.execute(HierarchicalTestEngine.java:54)
	at org.junit.platform.launcher.core.EngineExecutionOrchestrator.execute(EngineExecutionOrchestrator.java:108)
	at org.junit.platform.launcher.core.EngineExecutionOrchestrator.execute(EngineExecutionOrchestrator.java:88)
	at org.junit.platform.launcher.core.EngineExecutionOrchestrator.lambda$execute$0(EngineExecutionOrchestrator.java:54)
	at org.junit.platform.launcher.core.EngineExecutionOrchestrator.withInterceptedStreams(EngineExecutionOrchestrator.java:67)
	at org.junit.platform.launcher.core.EngineExecutionOrchestrator.execute(EngineExecutionOrchestrator.java:52)
	at org.junit.platform.launcher.core.DefaultLauncher.execute(DefaultLauncher.java:96)
	at org.junit.platform.launcher.core.DefaultLauncher.execute(DefaultLauncher.java:75)
	at org.gradle.api.internal.tasks.testing.junitplatform.JUnitPlatformTestClassProcessor$CollectAllTestClassesExecutor.processAllTestClasses(JUnitPlatformTestClassProcessor.java:99)
	at org.gradle.api.internal.tasks.testing.junitplatform.JUnitPlatformTestClassProcessor$CollectAllTestClassesExecutor.access$000(JUnitPlatformTestClassProcessor.java:79)
	at org.gradle.api.internal.tasks.testing.junitplatform.JUnitPlatformTestClassProcessor.stop(JUnitPlatformTestClassProcessor.java:75)
	at org.gradle.api.internal.tasks.testing.SuiteTestClassProcessor.stop(SuiteTestClassProcessor.java:61)
	at java.base/jdk.internal.reflect.NativeMethodAccessorImpl.invoke0(Native Method)
	at java.base/jdk.internal.reflect.NativeMethodAccessorImpl.invoke(NativeMethodAccessorImpl.java:62)
	at java.base/jdk.internal.reflect.DelegatingMethodAccessorImpl.invoke(DelegatingMethodAccessorImpl.java:43)
	at java.base/java.lang.reflect.Method.invoke(Method.java:566)
	at org.gradle.internal.dispatch.ReflectionDispatch.dispatch(ReflectionDispatch.java:36)
	at org.gradle.internal.dispatch.ReflectionDispatch.dispatch(ReflectionDispatch.java:24)
	at org.gradle.internal.dispatch.ContextClassLoaderDispatch.dispatch(ContextClassLoaderDispatch.java:33)
	at org.gradle.internal.dispatch.ProxyDispatchAdapter$DispatchingInvocationHandler.invoke(ProxyDispatchAdapter.java:94)
	at com.sun.proxy.$Proxy2.stop(Unknown Source)
	at org.gradle.api.internal.tasks.testing.worker.TestWorker.stop(TestWorker.java:133)
	at java.base/jdk.internal.reflect.NativeMethodAccessorImpl.invoke0(Native Method)
	at java.base/jdk.internal.reflect.NativeMethodAccessorImpl.invoke(NativeMethodAccessorImpl.java:62)
	at java.base/jdk.internal.reflect.DelegatingMethodAccessorImpl.invoke(DelegatingMethodAccessorImpl.java:43)
	at java.base/java.lang.reflect.Method.invoke(Method.java:566)
	at org.gradle.internal.dispatch.ReflectionDispatch.dispatch(ReflectionDispatch.java:36)
	at org.gradle.internal.dispatch.ReflectionDispatch.dispatch(ReflectionDispatch.java:24)
	at org.gradle.internal.remote.internal.hub.MessageHubBackedObjectConnection$DispatchWrapper.dispatch(MessageHubBackedObjectConnection.java:182)
	at org.gradle.internal.remote.internal.hub.MessageHubBackedObjectConnection$DispatchWrapper.dispatch(MessageHubBackedObjectConnection.java:164)
	at org.gradle.internal.remote.internal.hub.MessageHub$Handler.run(MessageHub.java:414)
	at org.gradle.internal.concurrent.ExecutorPolicy$CatchAndRecordFailures.onExecute(ExecutorPolicy.java:64)
	at org.gradle.internal.concurrent.ManagedExecutorImpl$1.run(ManagedExecutorImpl.java:48)
	at java.base/java.util.concurrent.ThreadPoolExecutor.runWorker(ThreadPoolExecutor.java:1128)
	at java.base/java.util.concurrent.ThreadPoolExecutor$Worker.run(ThreadPoolExecutor.java:628)
	at org.gradle.internal.concurrent.ThreadFactoryImpl$ManagedThreadRunnable.run(ThreadFactoryImpl.java:56)
	at java.base/java.lang.Thread.run(Thread.java:834)
</failure>
  </testcase>
  <system-out><![CDATA[03:34:25.854 [Test worker] DEBUG org.springframework.test.context.BootstrapUtils - Instantiating CacheAwareContextLoaderDelegate from class [org.springframework.test.context.cache.DefaultCacheAwareContextLoaderDelegate]
03:34:25.863 [Test worker] DEBUG org.springframework.test.context.BootstrapUtils - Instantiating BootstrapContext using constructor [public org.springframework.test.context.support.DefaultBootstrapContext(java.lang.Class,org.springframework.test.context.CacheAwareContextLoaderDelegate)]
03:34:25.902 [Test worker] DEBUG org.springframework.test.context.BootstrapUtils - Instantiating TestContextBootstrapper for test class [com.tutorial.backend.queryDSLTest.FriendQueryDSLTest] from class [org.springframework.boot.test.context.SpringBootTestContextBootstrapper]
03:34:25.913 [Test worker] INFO org.springframework.boot.test.context.SpringBootTestContextBootstrapper - Neither @ContextConfiguration nor @ContextHierarchy found for test class [com.tutorial.backend.queryDSLTest.FriendQueryDSLTest], using SpringBootContextLoader
03:34:25.919 [Test worker] DEBUG org.springframework.test.context.support.AbstractContextLoader - Did not detect default resource location for test class [com.tutorial.backend.queryDSLTest.FriendQueryDSLTest]: class path resource [com/tutorial/backend/queryDSLTest/FriendQueryDSLTest-context.xml] does not exist
03:34:25.919 [Test worker] DEBUG org.springframework.test.context.support.AbstractContextLoader - Did not detect default resource location for test class [com.tutorial.backend.queryDSLTest.FriendQueryDSLTest]: class path resource [com/tutorial/backend/queryDSLTest/FriendQueryDSLTestContext.groovy] does not exist
03:34:25.920 [Test worker] INFO org.springframework.test.context.support.AbstractContextLoader - Could not detect default resource locations for test class [com.tutorial.backend.queryDSLTest.FriendQueryDSLTest]: no resource found for suffixes {-context.xml, Context.groovy}.
03:34:25.920 [Test worker] INFO org.springframework.test.context.support.AnnotationConfigContextLoaderUtils - Could not detect default configuration classes for test class [com.tutorial.backend.queryDSLTest.FriendQueryDSLTest]: FriendQueryDSLTest does not declare any static, non-private, non-final, nested classes annotated with @Configuration.
03:34:25.987 [Test worker] DEBUG org.springframework.test.context.support.ActiveProfilesUtils - Could not find an 'annotation declaring class' for annotation type [org.springframework.test.context.ActiveProfiles] and class [com.tutorial.backend.queryDSLTest.FriendQueryDSLTest]
03:34:26.063 [Test worker] DEBUG org.springframework.context.annotation.ClassPathScanningCandidateComponentProvider - Identified candidate component class: file [/Users/rickyhong/Desktop/Projects/EmotionTalk/backend/build/classes/java/main/com/tutorial/backend/BackendApplication.class]
03:34:26.065 [Test worker] INFO org.springframework.boot.test.context.SpringBootTestContextBootstrapper - Found @SpringBootConfiguration com.tutorial.backend.BackendApplication for test class com.tutorial.backend.queryDSLTest.FriendQueryDSLTest
03:34:26.156 [Test worker] DEBUG org.springframework.boot.test.context.SpringBootTestContextBootstrapper - @TestExecutionListeners is not present for class [com.tutorial.backend.queryDSLTest.FriendQueryDSLTest]: using defaults.
03:34:26.156 [Test worker] INFO org.springframework.boot.test.context.SpringBootTestContextBootstrapper - Loaded default TestExecutionListener class names from location [META-INF/spring.factories]: [org.springframework.security.test.context.support.WithSecurityContextTestExecutionListener, org.springframework.security.test.context.support.ReactorContextTestExecutionListener, org.springframework.boot.test.autoconfigure.restdocs.RestDocsTestExecutionListener, org.springframework.boot.test.autoconfigure.web.client.MockRestServiceServerResetTestExecutionListener, org.springframework.boot.test.autoconfigure.web.servlet.MockMvcPrintOnlyOnFailureTestExecutionListener, org.springframework.boot.test.autoconfigure.web.servlet.WebDriverTestExecutionListener, org.springframework.boot.test.autoconfigure.webservices.client.MockWebServiceServerTestExecutionListener, org.springframework.boot.test.mock.mockito.MockitoTestExecutionListener, org.springframework.boot.test.mock.mockito.ResetMocksTestExecutionListener, org.springframework.test.context.web.ServletTestExecutionListener, org.springframework.test.context.support.DirtiesContextBeforeModesTestExecutionListener, org.springframework.test.context.event.ApplicationEventsTestExecutionListener, org.springframework.test.context.support.DependencyInjectionTestExecutionListener, org.springframework.test.context.support.DirtiesContextTestExecutionListener, org.springframework.test.context.transaction.TransactionalTestExecutionListener, org.springframework.test.context.jdbc.SqlScriptsTestExecutionListener, org.springframework.test.context.event.EventPublishingTestExecutionListener]
03:34:26.169 [Test worker] INFO org.springframework.boot.test.context.SpringBootTestContextBootstrapper - Using TestExecutionListeners: [org.springframework.test.context.web.ServletTestExecutionListener@15ccf98a, org.springframework.test.context.support.DirtiesContextBeforeModesTestExecutionListener@1438057e, org.springframework.test.context.event.ApplicationEventsTestExecutionListener@1a948d8, org.springframework.boot.test.mock.mockito.MockitoTestExecutionListener@6484a07f, org.springframework.boot.test.autoconfigure.SpringBootDependencyInjectionTestExecutionListener@16f605cc, org.springframework.test.context.support.DirtiesContextTestExecutionListener@4231e199, org.springframework.test.context.transaction.TransactionalTestExecutionListener@9159e8f, org.springframework.test.context.jdbc.SqlScriptsTestExecutionListener@48d3408a, org.springframework.security.test.context.support.WithSecurityContextTestExecutionListener@6eadf439, org.springframework.test.context.event.EventPublishingTestExecutionListener@23ddfd5c, org.springframework.security.test.context.support.ReactorContextTestExecutionListener@699ee4e, org.springframework.boot.test.autoconfigure.restdocs.RestDocsTestExecutionListener@549c2907, org.springframework.boot.test.autoconfigure.web.client.MockRestServiceServerResetTestExecutionListener@55110391, org.springframework.boot.test.autoconfigure.web.servlet.MockMvcPrintOnlyOnFailureTestExecutionListener@196a2372, org.springframework.boot.test.autoconfigure.web.servlet.WebDriverTestExecutionListener@5048558f, org.springframework.boot.test.autoconfigure.webservices.client.MockWebServiceServerTestExecutionListener@65a98a90, org.springframework.boot.test.mock.mockito.ResetMocksTestExecutionListener@3879103f]
03:34:26.173 [Test worker] DEBUG org.springframework.test.context.support.AbstractDirtiesContextTestExecutionListener - Before test class: context [DefaultTestContext@cf55efe testClass = FriendQueryDSLTest, testInstance = [null], testMethod = [null], testException = [null], mergedContextConfiguration = [WebMergedContextConfiguration@596e14ef testClass = FriendQueryDSLTest, locations = '{}', classes = '{class com.tutorial.backend.BackendApplication}', contextInitializerClasses = '[]', activeProfiles = '{}', propertySourceLocations = '{}', propertySourceProperties = '{org.springframework.boot.test.context.SpringBootTestContextBootstrapper=true}', contextCustomizers = set[org.springframework.boot.test.autoconfigure.actuate.metrics.MetricsExportContextCustomizerFactory$DisableMetricExportContextCustomizer@605ca4ee, org.springframework.boot.test.autoconfigure.properties.PropertyMappingContextCustomizer@0, org.springframework.boot.test.autoconfigure.web.servlet.WebDriverContextCustomizerFactory$Customizer@2d52c97f, org.springframework.boot.test.context.filter.ExcludeFilterContextCustomizer@59418044, org.springframework.boot.test.json.DuplicateJsonObjectContextCustomizerFactory$DuplicateJsonObjectContextCustomizer@5b43dd8f, org.springframework.boot.test.mock.mockito.MockitoContextCustomizer@0, org.springframework.boot.test.web.client.TestRestTemplateContextCustomizer@51dec793, org.springframework.boot.test.web.reactive.server.WebTestClientContextCustomizer@76fe6486, org.springframework.boot.test.context.SpringBootTestArgs@1, org.springframework.boot.test.context.SpringBootTestWebEnvironment@65b6bd70], resourceBasePath = 'src/main/webapp', contextLoader = 'org.springframework.boot.test.context.SpringBootContextLoader', parent = [null]], attributes = map['org.springframework.test.context.web.ServletTestExecutionListener.activateListener' -> true]], class annotated with @DirtiesContext [false] with mode [null].

  .   ____          _            __ _ _
 /\\ / ___'_ __ _ _(_)_ __  __ _ \ \ \ \
( ( )\___ | '_ | '_| | '_ \/ _` | \ \ \ \
 \\/  ___)| |_)| | | | | || (_| |  ) ) ) )
  '  |____| .__|_| |_|_| |_\__, | / / / /
 =========|_|==============|___/=/_/_/_/
?[32m :: Spring Boot :: ?[39m              ?[2m (v2.7.5)?[0;39m

?[2m2024-06-04 03:34:26.875?[0;39m ?[32m INFO?[0;39m ?[35m91547?[0;39m ?[2m---?[0;39m ?[2m[    Test worker]?[0;39m ?[36mc.t.b.queryDSLTest.FriendQueryDSLTest   ?[0;39m ?[2m:?[0;39m Starting FriendQueryDSLTest using Java 11.0.15 on rickyui-MacBookAir.local with PID 91547 (started by rickyhong in /Users/rickyhong/Desktop/Projects/EmotionTalk/backend)
?[2m2024-06-04 03:34:26.877?[0;39m ?[32m INFO?[0;39m ?[35m91547?[0;39m ?[2m---?[0;39m ?[2m[    Test worker]?[0;39m ?[36mc.t.b.queryDSLTest.FriendQueryDSLTest   ?[0;39m ?[2m:?[0;39m The following 1 profile is active: "oauth"
?[2m2024-06-04 03:34:27.813?[0;39m ?[32m INFO?[0;39m ?[35m91547?[0;39m ?[2m---?[0;39m ?[2m[    Test worker]?[0;39m ?[36m.s.d.r.c.RepositoryConfigurationDelegate?[0;39m ?[2m:?[0;39m Multiple Spring Data modules found, entering strict repository configuration mode
?[2m2024-06-04 03:34:27.814?[0;39m ?[32m INFO?[0;39m ?[35m91547?[0;39m ?[2m---?[0;39m ?[2m[    Test worker]?[0;39m ?[36m.s.d.r.c.RepositoryConfigurationDelegate?[0;39m ?[2m:?[0;39m Bootstrapping Spring Data MongoDB repositories in DEFAULT mode.
?[2m2024-06-04 03:34:27.824?[0;39m ?[32m INFO?[0;39m ?[35m91547?[0;39m ?[2m---?[0;39m ?[2m[    Test worker]?[0;39m ?[36m.s.d.r.c.RepositoryConfigurationDelegate?[0;39m ?[2m:?[0;39m Finished Spring Data repository scanning in 6 ms. Found 0 MongoDB repository interfaces.
?[2m2024-06-04 03:34:27.839?[0;39m ?[32m INFO?[0;39m ?[35m91547?[0;39m ?[2m---?[0;39m ?[2m[    Test worker]?[0;39m ?[36m.s.d.r.c.RepositoryConfigurationDelegate?[0;39m ?[2m:?[0;39m Multiple Spring Data modules found, entering strict repository configuration mode
?[2m2024-06-04 03:34:27.840?[0;39m ?[32m INFO?[0;39m ?[35m91547?[0;39m ?[2m---?[0;39m ?[2m[    Test worker]?[0;39m ?[36m.s.d.r.c.RepositoryConfigurationDelegate?[0;39m ?[2m:?[0;39m Bootstrapping Spring Data JPA repositories in DEFAULT mode.
?[2m2024-06-04 03:34:28.045?[0;39m ?[32m INFO?[0;39m ?[35m91547?[0;39m ?[2m---?[0;39m ?[2m[    Test worker]?[0;39m ?[36m.RepositoryConfigurationExtensionSupport?[0;39m ?[2m:?[0;39m Spring Data JPA - Could not safely identify store assignment for repository candidate interface com.tutorial.backend.repository.MessageRepository; If you want this repository to be a JPA repository, consider annotating your entities with one of these annotations: javax.persistence.Entity, javax.persistence.MappedSuperclass (preferred), or consider extending one of the following types with your repository: org.springframework.data.jpa.repository.JpaRepository
?[2m2024-06-04 03:34:28.086?[0;39m ?[32m INFO?[0;39m ?[35m91547?[0;39m ?[2m---?[0;39m ?[2m[    Test worker]?[0;39m ?[36m.s.d.r.c.RepositoryConfigurationDelegate?[0;39m ?[2m:?[0;39m Finished Spring Data repository scanning in 243 ms. Found 3 JPA repository interfaces.
?[2m2024-06-04 03:34:28.086?[0;39m ?[32m INFO?[0;39m ?[35m91547?[0;39m ?[2m---?[0;39m ?[2m[    Test worker]?[0;39m ?[36m.s.d.r.c.RepositoryConfigurationDelegate?[0;39m ?[2m:?[0;39m Multiple Spring Data modules found, entering strict repository configuration mode
?[2m2024-06-04 03:34:28.087?[0;39m ?[32m INFO?[0;39m ?[35m91547?[0;39m ?[2m---?[0;39m ?[2m[    Test worker]?[0;39m ?[36m.s.d.r.c.RepositoryConfigurationDelegate?[0;39m ?[2m:?[0;39m Bootstrapping Spring Data MongoDB repositories in DEFAULT mode.
?[2m2024-06-04 03:34:28.120?[0;39m ?[32m INFO?[0;39m ?[35m91547?[0;39m ?[2m---?[0;39m ?[2m[    Test worker]?[0;39m ?[36m.RepositoryConfigurationExtensionSupport?[0;39m ?[2m:?[0;39m Spring Data MongoDB - Could not safely identify store assignment for repository candidate interface com.tutorial.backend.repository.FriendRepository; If you want this repository to be a MongoDB repository, consider annotating your entities with one of these annotations: org.springframework.data.mongodb.core.mapping.Document (preferred), or consider extending one of the following types with your repository: org.springframework.data.mongodb.repository.MongoRepository
?[2m2024-06-04 03:34:28.123?[0;39m ?[32m INFO?[0;39m ?[35m91547?[0;39m ?[2m---?[0;39m ?[2m[    Test worker]?[0;39m ?[36m.RepositoryConfigurationExtensionSupport?[0;39m ?[2m:?[0;39m Spring Data MongoDB - Could not safely identify store assignment for repository candidate interface com.tutorial.backend.repository.MemberRepository; If you want this repository to be a MongoDB repository, consider annotating your entities with one of these annotations: org.springframework.data.mongodb.core.mapping.Document (preferred), or consider extending one of the following types with your repository: org.springframework.data.mongodb.repository.MongoRepository
?[2m2024-06-04 03:34:28.126?[0;39m ?[32m INFO?[0;39m ?[35m91547?[0;39m ?[2m---?[0;39m ?[2m[    Test worker]?[0;39m ?[36m.RepositoryConfigurationExtensionSupport?[0;39m ?[2m:?[0;39m Spring Data MongoDB - Could not safely identify store assignment for repository candidate interface com.tutorial.backend.repository.RefreshTokenRepository; If you want this repository to be a MongoDB repository, consider annotating your entities with one of these annotations: org.springframework.data.mongodb.core.mapping.Document (preferred), or consider extending one of the following types with your repository: org.springframework.data.mongodb.repository.MongoRepository
?[2m2024-06-04 03:34:28.135?[0;39m ?[32m INFO?[0;39m ?[35m91547?[0;39m ?[2m---?[0;39m ?[2m[    Test worker]?[0;39m ?[36m.s.d.r.c.RepositoryConfigurationDelegate?[0;39m ?[2m:?[0;39m Finished Spring Data repository scanning in 48 ms. Found 1 MongoDB repository interfaces.
?[2m2024-06-04 03:34:29.388?[0;39m ?[32m INFO?[0;39m ?[35m91547?[0;39m ?[2m---?[0;39m ?[2m[    Test worker]?[0;39m ?[36mo.hibernate.jpa.internal.util.LogHelper ?[0;39m ?[2m:?[0;39m HHH000204: Processing PersistenceUnitInfo [name: default]
?[2m2024-06-04 03:34:29.427?[0;39m ?[32m INFO?[0;39m ?[35m91547?[0;39m ?[2m---?[0;39m ?[2m[    Test worker]?[0;39m ?[36morg.hibernate.Version                   ?[0;39m ?[2m:?[0;39m HHH000412: Hibernate ORM core version 5.6.12.Final
?[2m2024-06-04 03:34:29.603?[0;39m ?[32m INFO?[0;39m ?[35m91547?[0;39m ?[2m---?[0;39m ?[2m[    Test worker]?[0;39m ?[36mo.hibernate.annotations.common.Version  ?[0;39m ?[2m:?[0;39m HCANN000001: Hibernate Commons Annotations {5.1.2.Final}
?[2m2024-06-04 03:34:29.690?[0;39m ?[32m INFO?[0;39m ?[35m91547?[0;39m ?[2m---?[0;39m ?[2m[    Test worker]?[0;39m ?[36mcom.zaxxer.hikari.HikariDataSource      ?[0;39m ?[2m:?[0;39m HikariPool-1 - Starting...
?[2m2024-06-04 03:34:30.145?[0;39m ?[32m INFO?[0;39m ?[35m91547?[0;39m ?[2m---?[0;39m ?[2m[    Test worker]?[0;39m ?[36mcom.zaxxer.hikari.HikariDataSource      ?[0;39m ?[2m:?[0;39m HikariPool-1 - Start completed.
?[2m2024-06-04 03:34:30.173?[0;39m ?[32m INFO?[0;39m ?[35m91547?[0;39m ?[2m---?[0;39m ?[2m[    Test worker]?[0;39m ?[36morg.hibernate.dialect.Dialect           ?[0;39m ?[2m:?[0;39m HHH000400: Using dialect: org.hibernate.dialect.MySQL8Dialect
?[2m2024-06-04 03:34:30.615?[0;39m ?[33m WARN?[0;39m ?[35m91547?[0;39m ?[2m---?[0;39m ?[2m[    Test worker]?[0;39m ?[36morg.hibernate.mapping.RootClass         ?[0;39m ?[2m:?[0;39m HHH000038: Composite-id class does not override equals(): com.tutorial.backend.entity.FileMessage
?[2m2024-06-04 03:34:30.616?[0;39m ?[33m WARN?[0;39m ?[35m91547?[0;39m ?[2m---?[0;39m ?[2m[    Test worker]?[0;39m ?[36morg.hibernate.mapping.RootClass         ?[0;39m ?[2m:?[0;39m HHH000039: Composite-id class does not override hashCode(): com.tutorial.backend.entity.FileMessage
?[2m2024-06-04 03:34:31.374?[0;39m ?[32m INFO?[0;39m ?[35m91547?[0;39m ?[2m---?[0;39m ?[2m[    Test worker]?[0;39m ?[36mo.h.e.t.j.p.i.JtaPlatformInitiator      ?[0;39m ?[2m:?[0;39m HHH000490: Using JtaPlatform implementation: [org.hibernate.engine.transaction.jta.platform.internal.NoJtaPlatform]
?[2m2024-06-04 03:34:31.386?[0;39m ?[32m INFO?[0;39m ?[35m91547?[0;39m ?[2m---?[0;39m ?[2m[    Test worker]?[0;39m ?[36mj.LocalContainerEntityManagerFactoryBean?[0;39m ?[2m:?[0;39m Initialized JPA EntityManagerFactory for persistence unit 'default'
?[2m2024-06-04 03:34:32.641?[0;39m ?[32m INFO?[0;39m ?[35m91547?[0;39m ?[2m---?[0;39m ?[2m[    Test worker]?[0;39m ?[36morg.mongodb.driver.client               ?[0;39m ?[2m:?[0;39m MongoClient with metadata {"driver": {"name": "mongo-java-driver|sync", "version": "4.6.1"}, "os": {"type": "Darwin", "name": "Mac OS X", "architecture": "x86_64", "version": "14.5"}, "platform": "Java/Oracle Corporation/11.0.15+8-LTS-149"} created with settings MongoClientSettings{readPreference=primary, writeConcern=WriteConcern{w=null, wTimeout=null ms, journal=null}, retryWrites=true, retryReads=true, readConcern=ReadConcern{level=null}, credential=null, streamFactoryFactory=null, commandListeners=[], codecRegistry=ProvidersCodecRegistry{codecProviders=[ValueCodecProvider{}, BsonValueCodecProvider{}, DBRefCodecProvider{}, DBObjectCodecProvider{}, DocumentCodecProvider{}, IterableCodecProvider{}, MapCodecProvider{}, GeoJsonCodecProvider{}, GridFSFileCodecProvider{}, Jsr310CodecProvider{}, JsonObjectCodecProvider{}, BsonCodecProvider{}, EnumCodecProvider{}, com.mongodb.Jep395RecordCodecProvider@516aa1c2]}, clusterSettings={hosts=[localhost:27017], srvServiceName=mongodb, mode=SINGLE, requiredClusterType=UNKNOWN, requiredReplicaSetName='null', serverSelector='null', clusterListeners='[]', serverSelectionTimeout='30000 ms', localThreshold='30000 ms'}, socketSettings=SocketSettings{connectTimeoutMS=10000, readTimeoutMS=0, receiveBufferSize=0, sendBufferSize=0}, heartbeatSocketSettings=SocketSettings{connectTimeoutMS=10000, readTimeoutMS=10000, receiveBufferSize=0, sendBufferSize=0}, connectionPoolSettings=ConnectionPoolSettings{maxSize=100, minSize=0, maxWaitTimeMS=120000, maxConnectionLifeTimeMS=0, maxConnectionIdleTimeMS=0, maintenanceInitialDelayMS=0, maintenanceFrequencyMS=60000, connectionPoolListeners=[], maxConnecting=2}, serverSettings=ServerSettings{heartbeatFrequencyMS=10000, minHeartbeatFrequencyMS=500, serverListeners='[]', serverMonitorListeners='[]'}, sslSettings=SslSettings{enabled=false, invalidHostNameAllowed=false, context=null}, applicationName='null', compressorList=[], uuidRepresentation=UNSPECIFIED, serverApi=null, autoEncryptionSettings=null, contextProvider=null}
?[2m2024-06-04 03:34:32.667?[0;39m ?[32m INFO?[0;39m ?[35m91547?[0;39m ?[2m---?[0;39m ?[2m[localhost:27017]?[0;39m ?[36morg.mongodb.driver.connection           ?[0;39m ?[2m:?[0;39m Opened connection [connectionId{localValue:2, serverValue:242}] to localhost:27017
?[2m2024-06-04 03:34:32.668?[0;39m ?[32m INFO?[0;39m ?[35m91547?[0;39m ?[2m---?[0;39m ?[2m[localhost:27017]?[0;39m ?[36morg.mongodb.driver.connection           ?[0;39m ?[2m:?[0;39m Opened connection [connectionId{localValue:1, serverValue:243}] to localhost:27017
?[2m2024-06-04 03:34:32.672?[0;39m ?[32m INFO?[0;39m ?[35m91547?[0;39m ?[2m---?[0;39m ?[2m[localhost:27017]?[0;39m ?[36morg.mongodb.driver.cluster              ?[0;39m ?[2m:?[0;39m Monitor thread successfully connected to server with description ServerDescription{address=localhost:27017, type=STANDALONE, state=CONNECTED, ok=true, minWireVersion=0, maxWireVersion=17, maxDocumentSize=16777216, logicalSessionTimeoutMinutes=30, roundTripTimeNanos=27692541}
?[2m2024-06-04 03:34:33.343?[0;39m ?[32m INFO?[0;39m ?[35m91547?[0;39m ?[2m---?[0;39m ?[2m[    Test worker]?[0;39m ?[36mo.s.s.web.DefaultSecurityFilterChain    ?[0;39m ?[2m:?[0;39m Will secure any request with [org.springframework.security.web.session.DisableEncodeUrlFilter@c13b142, org.springframework.security.web.context.request.async.WebAsyncManagerIntegrationFilter@14d9e251, org.springframework.security.web.context.SecurityContextPersistenceFilter@5c7b8bfb, org.springframework.security.web.header.HeaderWriterFilter@36f58949, org.springframework.web.filter.CorsFilter@5ccdfb1f, org.springframework.security.web.authentication.logout.LogoutFilter@7f0b19b6, org.springframework.security.oauth2.client.web.OAuth2AuthorizationRequestRedirectFilter@2cb2a9bb, org.springframework.security.oauth2.client.web.OAuth2LoginAuthenticationFilter@3913204, com.tutorial.backend.jwt.JwtFilter@3dd8fb95, org.springframework.security.web.savedrequest.RequestCacheAwareFilter@d6e03bc, org.springframework.security.web.servletapi.SecurityContextHolderAwareRequestFilter@dca65b9, org.springframework.security.web.authentication.AnonymousAuthenticationFilter@2c50d4cd, org.springframework.security.web.session.SessionManagementFilter@1bddacb3, org.springframework.security.web.access.ExceptionTranslationFilter@60ff584e, org.springframework.security.web.access.intercept.FilterSecurityInterceptor@46ec4782]
?[2m2024-06-04 03:34:33.368?[0;39m ?[33m WARN?[0;39m ?[35m91547?[0;39m ?[2m---?[0;39m ?[2m[    Test worker]?[0;39m ?[36mo.s.s.c.a.web.builders.WebSecurity      ?[0;39m ?[2m:?[0;39m You are asking Spring Security to ignore Ant [pattern='/favicon.ico']. This is not recommended -- please use permitAll via HttpSecurity#authorizeHttpRequests instead.
?[2m2024-06-04 03:34:33.371?[0;39m ?[32m INFO?[0;39m ?[35m91547?[0;39m ?[2m---?[0;39m ?[2m[    Test worker]?[0;39m ?[36mo.s.s.web.DefaultSecurityFilterChain    ?[0;39m ?[2m:?[0;39m Will not secure Ant [pattern='/favicon.ico']
?[2m2024-06-04 03:34:33.371?[0;39m ?[33m WARN?[0;39m ?[35m91547?[0;39m ?[2m---?[0;39m ?[2m[    Test worker]?[0;39m ?[36mo.s.s.c.a.web.builders.WebSecurity      ?[0;39m ?[2m:?[0;39m You are asking Spring Security to ignore org.springframework.boot.autoconfigure.security.servlet.StaticResourceRequest$StaticResourceRequestMatcher@54976a72. This is not recommended -- please use permitAll via HttpSecurity#authorizeHttpRequests instead.
?[2m2024-06-04 03:34:33.371?[0;39m ?[32m INFO?[0;39m ?[35m91547?[0;39m ?[2m---?[0;39m ?[2m[    Test worker]?[0;39m ?[36mo.s.s.web.DefaultSecurityFilterChain    ?[0;39m ?[2m:?[0;39m Will not secure org.springframework.boot.autoconfigure.security.servlet.StaticResourceRequest$StaticResourceRequestMatcher@54976a72
?[2m2024-06-04 03:34:33.869?[0;39m ?[33m WARN?[0;39m ?[35m91547?[0;39m ?[2m---?[0;39m ?[2m[    Test worker]?[0;39m ?[36mJpaBaseConfiguration$JpaWebConfiguration?[0;39m ?[2m:?[0;39m spring.jpa.open-in-view is enabled by default. Therefore, database queries may be performed during view rendering. Explicitly configure spring.jpa.open-in-view to disable this warning
?[2m2024-06-04 03:34:34.467?[0;39m ?[32m INFO?[0;39m ?[35m91547?[0;39m ?[2m---?[0;39m ?[2m[    Test worker]?[0;39m ?[36mc.t.b.queryDSLTest.FriendQueryDSLTest   ?[0;39m ?[2m:?[0;39m Started FriendQueryDSLTest in 8.193 seconds (JVM running for 9.945)
]]></system-out>
  <system-err><![CDATA[]]></system-err>
</testsuite>
